0 info it worked if it ends with ok
1 verbose cli [ 'D:\\distrib\\NodeJS\\node.exe',
1 verbose cli   'D:\\distrib\\NodeJS\\node_modules\\npm\\bin\\npm-cli.js',
1 verbose cli   'run',
1 verbose cli   'dist' ]
2 info using npm@3.10.3
3 info using node@v6.3.0
4 verbose run-script [ 'predist', 'dist', 'postdist' ]
5 info lifecycle Cleversite-electron@0.0.1~predist: Cleversite-electron@0.0.1
6 silly lifecycle Cleversite-electron@0.0.1~predist: no script for predist, continuing
7 info lifecycle Cleversite-electron@0.0.1~dist: Cleversite-electron@0.0.1
8 verbose lifecycle Cleversite-electron@0.0.1~dist: unsafe-perm in lifecycle true
9 verbose lifecycle Cleversite-electron@0.0.1~dist: PATH: D:\distrib\NodeJS\node_modules\npm\bin\node-gyp-bin;D:\git\cleversite-electron\node_modules\.bin;D:\distrib\NodeJS;C:\ProgramData\Oracle\Java\javapath;C:\Program Files (x86)\Intel\iCLS Client\;C:\Program Files\Intel\iCLS Client\;C:\Windows\system32;C:\Windows;C:\Windows\System32\Wbem;C:\Windows\System32\WindowsPowerShell\v1.0\;C:\Program Files\Intel\Intel(R) Management Engine Components\DAL;C:\Program Files\Intel\Intel(R) Management Engine Components\IPT;C:\Program Files (x86)\Intel\Intel(R) Management Engine Components\DAL;C:\Program Files (x86)\Intel\Intel(R) Management Engine Components\IPT;D:\distrib\Git\cmd;D:\distrib\Putty\;C:\Program Files (x86)\Skype\Phone\;D:\distrib\NodeJS\;C:\Windows\SysWOW64\WindowsPowerShell\v1.0\Modules\TShell\TShell\;%USERPROFILE%\.dnx\bin;C:\Program Files\Microsoft DNX\Dnvm\;C:\Program Files\Microsoft SQL Server\130\Tools\Binn\;C:\Users\s.kanunnikov\AppData\Local\atom\bin;C:\Users\s.kanunnikov\AppData\Roaming\npm
10 verbose lifecycle Cleversite-electron@0.0.1~dist: CWD: D:\git\cleversite-electron
11 silly lifecycle Cleversite-electron@0.0.1~dist: Args: [ '/d /s /c', 'build -mwl --x64 --ia32' ]
12 silly lifecycle Cleversite-electron@0.0.1~dist: Returned: code: 4294967295  signal: null
13 info lifecycle Cleversite-electron@0.0.1~dist: Failed to exec dist script
14 verbose stack Error: Cleversite-electron@0.0.1 dist: `build -mwl --x64 --ia32`
14 verbose stack Exit status 4294967295
14 verbose stack     at EventEmitter.<anonymous> (D:\distrib\NodeJS\node_modules\npm\lib\utils\lifecycle.js:242:16)
14 verbose stack     at emitTwo (events.js:106:13)
14 verbose stack     at EventEmitter.emit (events.js:191:7)
14 verbose stack     at ChildProcess.<anonymous> (D:\distrib\NodeJS\node_modules\npm\lib\utils\spawn.js:40:14)
14 verbose stack     at emitTwo (events.js:106:13)
14 verbose stack     at ChildProcess.emit (events.js:191:7)
14 verbose stack     at maybeClose (internal/child_process.js:852:16)
14 verbose stack     at Process.ChildProcess._handle.onexit (internal/child_process.js:215:5)
15 verbose pkgid Cleversite-electron@0.0.1
16 verbose cwd D:\git\cleversite-electron
17 error Windows_NT 6.1.7601
18 error argv "D:\\distrib\\NodeJS\\node.exe" "D:\\distrib\\NodeJS\\node_modules\\npm\\bin\\npm-cli.js" "run" "dist"
19 error node v6.3.0
20 error npm  v3.10.3
21 error code ELIFECYCLE
22 error Cleversite-electron@0.0.1 dist: `build -mwl --x64 --ia32`
22 error Exit status 4294967295
23 error Failed at the Cleversite-electron@0.0.1 dist script 'build -mwl --x64 --ia32'.
23 error Make sure you have the latest version of node.js and npm installed.
23 error If you do, this is most likely a problem with the Cleversite-electron package,
23 error not with npm itself.
23 error Tell the author that this fails on your system:
23 error     build -mwl --x64 --ia32
23 error You can get information on how to open an issue for this project with:
23 error     npm bugs Cleversite-electron
23 error Or if that isn't available, you can get their info via:
23 error     npm owner ls Cleversite-electron
23 error There is likely additional logging output above.
24 verbose exit [ 1, true ]
